FSM 1 : VALID TRANSITION GRAPH

0000 : STATE IS REACHABLE FROM OUTSIDE.

   OUTGOING TRANSITIONS:
      0001

   INCOMING TRANSITIONS:
      0110


0001 : FSM STATE NOT REACHABLE FROM OUTSIDE.

   OUTGOING TRANSITIONS:
      0010

   INCOMING TRANSITIONS:
      0000


0010 : FSM STATE NOT REACHABLE FROM OUTSIDE.

   OUTGOING TRANSITIONS:
      0011

   INCOMING TRANSITIONS:
      0001


0100 : FSM STATE NOT REACHABLE FROM OUTSIDE.

   OUTGOING TRANSITIONS:
      0101

   INCOMING TRANSITIONS:
      0011


0011 : FSM STATE NOT REACHABLE FROM OUTSIDE.

   OUTGOING TRANSITIONS:
      0100

   INCOMING TRANSITIONS:
      0010


0101 : FSM STATE NOT REACHABLE FROM OUTSIDE.

   OUTGOING TRANSITIONS:
      0110

   INCOMING TRANSITIONS:
      0100


0110 : FSM STATE NOT REACHABLE FROM OUTSIDE.

   OUTGOING TRANSITIONS:
      0000

   INCOMING TRANSITIONS:
      0101


